Build started 10/31/2019 6:53:16 PM.
     1>Project "D:\projects\C - C++\Datastructures fall 2017\Deliverable3\vs2010\datastructures_list\datastructures_list\datastructures_list.vcxproj" on node 2 (build target(s)).
     1>InitializeBuildStatus:
         Creating "Debug\datastructures_list.unsuccessfulbuild" because "AlwaysCreate" was specified.
       ClCompile:
         C:\Program Files (x86)\Microsoft Visual Studio 10.0\VC\bin\CL.exe /c /ZI /nologo /W3 /WX- /Od /Oy- /D _MBCS /Gm /EHsc /RTC1 /MDd /GS /fp:precise /Zc:wchar_t /Zc:forScope /Fo"Debug\\" /Fd"Debug\vc100.pdb" /Gd /TP /analyze- /errorReport:prompt datastructures.c
         datastructures.c
     1>d:\projects\c - c++\datastructures fall 2017\deliverable3\vs2010\datastructures_list\datastructures_list\datastructures.c(104): warning C4996: 'fopen': This function or variable may be unsafe. Consider using fopen_s instead. To disable deprecation, use _CRT_SECURE_NO_WARNINGS. See online help for details.
                 c:\program files (x86)\microsoft visual studio 10.0\vc\include\stdio.h(234) : see declaration of 'fopen'
     1>d:\projects\c - c++\datastructures fall 2017\deliverable3\vs2010\datastructures_list\datastructures_list\datastructures.c(107): warning C4996: 'fscanf': This function or variable may be unsafe. Consider using fscanf_s instead. To disable deprecation, use _CRT_SECURE_NO_WARNINGS. See online help for details.
                 c:\program files (x86)\microsoft visual studio 10.0\vc\include\stdio.h(253) : see declaration of 'fscanf'
     1>d:\projects\c - c++\datastructures fall 2017\deliverable3\vs2010\datastructures_list\datastructures_list\datastructures.c(108): warning C4996: 'fscanf': This function or variable may be unsafe. Consider using fscanf_s instead. To disable deprecation, use _CRT_SECURE_NO_WARNINGS. See online help for details.
                 c:\program files (x86)\microsoft visual studio 10.0\vc\include\stdio.h(253) : see declaration of 'fscanf'
     1>d:\projects\c - c++\datastructures fall 2017\deliverable3\vs2010\datastructures_list\datastructures_list\datastructures.c(109): warning C4996: 'fscanf': This function or variable may be unsafe. Consider using fscanf_s instead. To disable deprecation, use _CRT_SECURE_NO_WARNINGS. See online help for details.
                 c:\program files (x86)\microsoft visual studio 10.0\vc\include\stdio.h(253) : see declaration of 'fscanf'
     1>d:\projects\c - c++\datastructures fall 2017\deliverable3\vs2010\datastructures_list\datastructures_list\datastructures.c(110): warning C4996: 'fscanf': This function or variable may be unsafe. Consider using fscanf_s instead. To disable deprecation, use _CRT_SECURE_NO_WARNINGS. See online help for details.
                 c:\program files (x86)\microsoft visual studio 10.0\vc\include\stdio.h(253) : see declaration of 'fscanf'
     1>d:\projects\c - c++\datastructures fall 2017\deliverable3\vs2010\datastructures_list\datastructures_list\datastructures.c(111): warning C4996: 'fscanf': This function or variable may be unsafe. Consider using fscanf_s instead. To disable deprecation, use _CRT_SECURE_NO_WARNINGS. See online help for details.
                 c:\program files (x86)\microsoft visual studio 10.0\vc\include\stdio.h(253) : see declaration of 'fscanf'
     1>d:\projects\c - c++\datastructures fall 2017\deliverable3\vs2010\datastructures_list\datastructures_list\datastructures.c(112): warning C4996: 'fscanf': This function or variable may be unsafe. Consider using fscanf_s instead. To disable deprecation, use _CRT_SECURE_NO_WARNINGS. See online help for details.
                 c:\program files (x86)\microsoft visual studio 10.0\vc\include\stdio.h(253) : see declaration of 'fscanf'
     1>d:\projects\c - c++\datastructures fall 2017\deliverable3\vs2010\datastructures_list\datastructures_list\datastructures.c(156): warning C4996: 'strcpy': This function or variable may be unsafe. Consider using strcpy_s instead. To disable deprecation, use _CRT_SECURE_NO_WARNINGS. See online help for details.
                 c:\program files (x86)\microsoft visual studio 10.0\vc\include\string.h(105) : see declaration of 'strcpy'
     1>d:\projects\c - c++\datastructures fall 2017\deliverable3\vs2010\datastructures_list\datastructures_list\datastructures.c(157): warning C4996: 'strcpy': This function or variable may be unsafe. Consider using strcpy_s instead. To disable deprecation, use _CRT_SECURE_NO_WARNINGS. See online help for details.
                 c:\program files (x86)\microsoft visual studio 10.0\vc\include\string.h(105) : see declaration of 'strcpy'
     1>d:\projects\c - c++\datastructures fall 2017\deliverable3\vs2010\datastructures_list\datastructures_list\datastructures.c(158): warning C4996: 'strcpy': This function or variable may be unsafe. Consider using strcpy_s instead. To disable deprecation, use _CRT_SECURE_NO_WARNINGS. See online help for details.
                 c:\program files (x86)\microsoft visual studio 10.0\vc\include\string.h(105) : see declaration of 'strcpy'
     1>d:\projects\c - c++\datastructures fall 2017\deliverable3\vs2010\datastructures_list\datastructures_list\datastructures.c(253): warning C4996: 'strcpy': This function or variable may be unsafe. Consider using strcpy_s instead. To disable deprecation, use _CRT_SECURE_NO_WARNINGS. See online help for details.
                 c:\program files (x86)\microsoft visual studio 10.0\vc\include\string.h(105) : see declaration of 'strcpy'
     1>d:\projects\c - c++\datastructures fall 2017\deliverable3\vs2010\datastructures_list\datastructures_list\datastructures.c(254): warning C4996: 'strcpy': This function or variable may be unsafe. Consider using strcpy_s instead. To disable deprecation, use _CRT_SECURE_NO_WARNINGS. See online help for details.
                 c:\program files (x86)\microsoft visual studio 10.0\vc\include\string.h(105) : see declaration of 'strcpy'
     1>d:\projects\c - c++\datastructures fall 2017\deliverable3\vs2010\datastructures_list\datastructures_list\datastructures.c(255): warning C4996: 'strcpy': This function or variable may be unsafe. Consider using strcpy_s instead. To disable deprecation, use _CRT_SECURE_NO_WARNINGS. See online help for details.
                 c:\program files (x86)\microsoft visual studio 10.0\vc\include\string.h(105) : see declaration of 'strcpy'
     1>d:\projects\c - c++\datastructures fall 2017\deliverable3\vs2010\datastructures_list\datastructures_list\datastructures.c(357): warning C4996: 'strcpy': This function or variable may be unsafe. Consider using strcpy_s instead. To disable deprecation, use _CRT_SECURE_NO_WARNINGS. See online help for details.
                 c:\program files (x86)\microsoft visual studio 10.0\vc\include\string.h(105) : see declaration of 'strcpy'
     1>d:\projects\c - c++\datastructures fall 2017\deliverable3\vs2010\datastructures_list\datastructures_list\datastructures.c(358): warning C4996: 'strcpy': This function or variable may be unsafe. Consider using strcpy_s instead. To disable deprecation, use _CRT_SECURE_NO_WARNINGS. See online help for details.
                 c:\program files (x86)\microsoft visual studio 10.0\vc\include\string.h(105) : see declaration of 'strcpy'
     1>d:\projects\c - c++\datastructures fall 2017\deliverable3\vs2010\datastructures_list\datastructures_list\datastructures.c(359): warning C4996: 'strcpy': This function or variable may be unsafe. Consider using strcpy_s instead. To disable deprecation, use _CRT_SECURE_NO_WARNINGS. See online help for details.
                 c:\program files (x86)\microsoft visual studio 10.0\vc\include\string.h(105) : see declaration of 'strcpy'
     1>d:\projects\c - c++\datastructures fall 2017\deliverable3\vs2010\datastructures_list\datastructures_list\datastructures.c(419): warning C4996: 'strcpy': This function or variable may be unsafe. Consider using strcpy_s instead. To disable deprecation, use _CRT_SECURE_NO_WARNINGS. See online help for details.
                 c:\program files (x86)\microsoft visual studio 10.0\vc\include\string.h(105) : see declaration of 'strcpy'
     1>d:\projects\c - c++\datastructures fall 2017\deliverable3\vs2010\datastructures_list\datastructures_list\datastructures.c(420): warning C4996: 'strcpy': This function or variable may be unsafe. Consider using strcpy_s instead. To disable deprecation, use _CRT_SECURE_NO_WARNINGS. See online help for details.
                 c:\program files (x86)\microsoft visual studio 10.0\vc\include\string.h(105) : see declaration of 'strcpy'
     1>d:\projects\c - c++\datastructures fall 2017\deliverable3\vs2010\datastructures_list\datastructures_list\datastructures.c(421): warning C4996: 'strcpy': This function or variable may be unsafe. Consider using strcpy_s instead. To disable deprecation, use _CRT_SECURE_NO_WARNINGS. See online help for details.
                 c:\program files (x86)\microsoft visual studio 10.0\vc\include\string.h(105) : see declaration of 'strcpy'
     1>d:\projects\c - c++\datastructures fall 2017\deliverable3\vs2010\datastructures_list\datastructures_list\datastructures.c(482): warning C4996: 'strcpy': This function or variable may be unsafe. Consider using strcpy_s instead. To disable deprecation, use _CRT_SECURE_NO_WARNINGS. See online help for details.
                 c:\program files (x86)\microsoft visual studio 10.0\vc\include\string.h(105) : see declaration of 'strcpy'
     1>d:\projects\c - c++\datastructures fall 2017\deliverable3\vs2010\datastructures_list\datastructures_list\datastructures.c(483): warning C4996: 'strcpy': This function or variable may be unsafe. Consider using strcpy_s instead. To disable deprecation, use _CRT_SECURE_NO_WARNINGS. See online help for details.
                 c:\program files (x86)\microsoft visual studio 10.0\vc\include\string.h(105) : see declaration of 'strcpy'
     1>d:\projects\c - c++\datastructures fall 2017\deliverable3\vs2010\datastructures_list\datastructures_list\datastructures.c(484): warning C4996: 'strcpy': This function or variable may be unsafe. Consider using strcpy_s instead. To disable deprecation, use _CRT_SECURE_NO_WARNINGS. See online help for details.
                 c:\program files (x86)\microsoft visual studio 10.0\vc\include\string.h(105) : see declaration of 'strcpy'
     1>d:\projects\c - c++\datastructures fall 2017\deliverable3\vs2010\datastructures_list\datastructures_list\datastructures.c(703): warning C4996: 'scanf': This function or variable may be unsafe. Consider using scanf_s instead. To disable deprecation, use _CRT_SECURE_NO_WARNINGS. See online help for details.
                 c:\program files (x86)\microsoft visual studio 10.0\vc\include\stdio.h(304) : see declaration of 'scanf'
     1>d:\projects\c - c++\datastructures fall 2017\deliverable3\vs2010\datastructures_list\datastructures_list\datastructures.c(719): warning C4996: 'scanf': This function or variable may be unsafe. Consider using scanf_s instead. To disable deprecation, use _CRT_SECURE_NO_WARNINGS. See online help for details.
                 c:\program files (x86)\microsoft visual studio 10.0\vc\include\stdio.h(304) : see declaration of 'scanf'
     1>d:\projects\c - c++\datastructures fall 2017\deliverable3\vs2010\datastructures_list\datastructures_list\datastructures.c(721): warning C4996: 'scanf': This function or variable may be unsafe. Consider using scanf_s instead. To disable deprecation, use _CRT_SECURE_NO_WARNINGS. See online help for details.
                 c:\program files (x86)\microsoft visual studio 10.0\vc\include\stdio.h(304) : see declaration of 'scanf'
     1>d:\projects\c - c++\datastructures fall 2017\deliverable3\vs2010\datastructures_list\datastructures_list\datastructures.c(723): warning C4996: 'scanf': This function or variable may be unsafe. Consider using scanf_s instead. To disable deprecation, use _CRT_SECURE_NO_WARNINGS. See online help for details.
                 c:\program files (x86)\microsoft visual studio 10.0\vc\include\stdio.h(304) : see declaration of 'scanf'
     1>d:\projects\c - c++\datastructures fall 2017\deliverable3\vs2010\datastructures_list\datastructures_list\datastructures.c(725): warning C4996: 'scanf': This function or variable may be unsafe. Consider using scanf_s instead. To disable deprecation, use _CRT_SECURE_NO_WARNINGS. See online help for details.
                 c:\program files (x86)\microsoft visual studio 10.0\vc\include\stdio.h(304) : see declaration of 'scanf'
     1>d:\projects\c - c++\datastructures fall 2017\deliverable3\vs2010\datastructures_list\datastructures_list\datastructures.c(727): warning C4996: 'scanf': This function or variable may be unsafe. Consider using scanf_s instead. To disable deprecation, use _CRT_SECURE_NO_WARNINGS. See online help for details.
                 c:\program files (x86)\microsoft visual studio 10.0\vc\include\stdio.h(304) : see declaration of 'scanf'
     1>d:\projects\c - c++\datastructures fall 2017\deliverable3\vs2010\datastructures_list\datastructures_list\datastructures.c(729): warning C4996: 'scanf': This function or variable may be unsafe. Consider using scanf_s instead. To disable deprecation, use _CRT_SECURE_NO_WARNINGS. See online help for details.
                 c:\program files (x86)\microsoft visual studio 10.0\vc\include\stdio.h(304) : see declaration of 'scanf'
     1>d:\projects\c - c++\datastructures fall 2017\deliverable3\vs2010\datastructures_list\datastructures_list\datastructures.c(737): warning C4996: 'scanf': This function or variable may be unsafe. Consider using scanf_s instead. To disable deprecation, use _CRT_SECURE_NO_WARNINGS. See online help for details.
                 c:\program files (x86)\microsoft visual studio 10.0\vc\include\stdio.h(304) : see declaration of 'scanf'
     1>d:\projects\c - c++\datastructures fall 2017\deliverable3\vs2010\datastructures_list\datastructures_list\datastructures.c(744): warning C4996: 'scanf': This function or variable may be unsafe. Consider using scanf_s instead. To disable deprecation, use _CRT_SECURE_NO_WARNINGS. See online help for details.
                 c:\program files (x86)\microsoft visual studio 10.0\vc\include\stdio.h(304) : see declaration of 'scanf'
     1>d:\projects\c - c++\datastructures fall 2017\deliverable3\vs2010\datastructures_list\datastructures_list\datastructures.c(770): warning C4996: 'scanf': This function or variable may be unsafe. Consider using scanf_s instead. To disable deprecation, use _CRT_SECURE_NO_WARNINGS. See online help for details.
                 c:\program files (x86)\microsoft visual studio 10.0\vc\include\stdio.h(304) : see declaration of 'scanf'
     1>d:\projects\c - c++\datastructures fall 2017\deliverable3\vs2010\datastructures_list\datastructures_list\datastructures.c(785): warning C4996: 'scanf': This function or variable may be unsafe. Consider using scanf_s instead. To disable deprecation, use _CRT_SECURE_NO_WARNINGS. See online help for details.
                 c:\program files (x86)\microsoft visual studio 10.0\vc\include\stdio.h(304) : see declaration of 'scanf'
     1>d:\projects\c - c++\datastructures fall 2017\deliverable3\vs2010\datastructures_list\datastructures_list\datastructures.c(787): warning C4996: 'scanf': This function or variable may be unsafe. Consider using scanf_s instead. To disable deprecation, use _CRT_SECURE_NO_WARNINGS. See online help for details.
                 c:\program files (x86)\microsoft visual studio 10.0\vc\include\stdio.h(304) : see declaration of 'scanf'
     1>d:\projects\c - c++\datastructures fall 2017\deliverable3\vs2010\datastructures_list\datastructures_list\datastructures.c(789): warning C4996: 'scanf': This function or variable may be unsafe. Consider using scanf_s instead. To disable deprecation, use _CRT_SECURE_NO_WARNINGS. See online help for details.
                 c:\program files (x86)\microsoft visual studio 10.0\vc\include\stdio.h(304) : see declaration of 'scanf'
     1>d:\projects\c - c++\datastructures fall 2017\deliverable3\vs2010\datastructures_list\datastructures_list\datastructures.c(791): warning C4996: 'scanf': This function or variable may be unsafe. Consider using scanf_s instead. To disable deprecation, use _CRT_SECURE_NO_WARNINGS. See online help for details.
                 c:\program files (x86)\microsoft visual studio 10.0\vc\include\stdio.h(304) : see declaration of 'scanf'
     1>d:\projects\c - c++\datastructures fall 2017\deliverable3\vs2010\datastructures_list\datastructures_list\datastructures.c(793): warning C4996: 'scanf': This function or variable may be unsafe. Consider using scanf_s instead. To disable deprecation, use _CRT_SECURE_NO_WARNINGS. See online help for details.
                 c:\program files (x86)\microsoft visual studio 10.0\vc\include\stdio.h(304) : see declaration of 'scanf'
     1>d:\projects\c - c++\datastructures fall 2017\deliverable3\vs2010\datastructures_list\datastructures_list\datastructures.c(795): warning C4996: 'scanf': This function or variable may be unsafe. Consider using scanf_s instead. To disable deprecation, use _CRT_SECURE_NO_WARNINGS. See online help for details.
                 c:\program files (x86)\microsoft visual studio 10.0\vc\include\stdio.h(304) : see declaration of 'scanf'
     1>d:\projects\c - c++\datastructures fall 2017\deliverable3\vs2010\datastructures_list\datastructures_list\datastructures.c(804): warning C4996: 'scanf': This function or variable may be unsafe. Consider using scanf_s instead. To disable deprecation, use _CRT_SECURE_NO_WARNINGS. See online help for details.
                 c:\program files (x86)\microsoft visual studio 10.0\vc\include\stdio.h(304) : see declaration of 'scanf'
     1>d:\projects\c - c++\datastructures fall 2017\deliverable3\vs2010\datastructures_list\datastructures_list\datastructures.c(806): warning C4996: 'scanf': This function or variable may be unsafe. Consider using scanf_s instead. To disable deprecation, use _CRT_SECURE_NO_WARNINGS. See online help for details.
                 c:\program files (x86)\microsoft visual studio 10.0\vc\include\stdio.h(304) : see declaration of 'scanf'
     1>d:\projects\c - c++\datastructures fall 2017\deliverable3\vs2010\datastructures_list\datastructures_list\datastructures.c(837): warning C4996: 'scanf': This function or variable may be unsafe. Consider using scanf_s instead. To disable deprecation, use _CRT_SECURE_NO_WARNINGS. See online help for details.
                 c:\program files (x86)\microsoft visual studio 10.0\vc\include\stdio.h(304) : see declaration of 'scanf'
     1>d:\projects\c - c++\datastructures fall 2017\deliverable3\vs2010\datastructures_list\datastructures_list\datastructures.c(853): warning C4996: 'scanf': This function or variable may be unsafe. Consider using scanf_s instead. To disable deprecation, use _CRT_SECURE_NO_WARNINGS. See online help for details.
                 c:\program files (x86)\microsoft visual studio 10.0\vc\include\stdio.h(304) : see declaration of 'scanf'
     1>d:\projects\c - c++\datastructures fall 2017\deliverable3\vs2010\datastructures_list\datastructures_list\datastructures.c(855): warning C4996: 'scanf': This function or variable may be unsafe. Consider using scanf_s instead. To disable deprecation, use _CRT_SECURE_NO_WARNINGS. See online help for details.
                 c:\program files (x86)\microsoft visual studio 10.0\vc\include\stdio.h(304) : see declaration of 'scanf'
     1>d:\projects\c - c++\datastructures fall 2017\deliverable3\vs2010\datastructures_list\datastructures_list\datastructures.c(857): warning C4996: 'scanf': This function or variable may be unsafe. Consider using scanf_s instead. To disable deprecation, use _CRT_SECURE_NO_WARNINGS. See online help for details.
                 c:\program files (x86)\microsoft visual studio 10.0\vc\include\stdio.h(304) : see declaration of 'scanf'
     1>d:\projects\c - c++\datastructures fall 2017\deliverable3\vs2010\datastructures_list\datastructures_list\datastructures.c(859): warning C4996: 'scanf': This function or variable may be unsafe. Consider using scanf_s instead. To disable deprecation, use _CRT_SECURE_NO_WARNINGS. See online help for details.
                 c:\program files (x86)\microsoft visual studio 10.0\vc\include\stdio.h(304) : see declaration of 'scanf'
     1>d:\projects\c - c++\datastructures fall 2017\deliverable3\vs2010\datastructures_list\datastructures_list\datastructures.c(861): warning C4996: 'scanf': This function or variable may be unsafe. Consider using scanf_s instead. To disable deprecation, use _CRT_SECURE_NO_WARNINGS. See online help for details.
                 c:\program files (x86)\microsoft visual studio 10.0\vc\include\stdio.h(304) : see declaration of 'scanf'
     1>d:\projects\c - c++\datastructures fall 2017\deliverable3\vs2010\datastructures_list\datastructures_list\datastructures.c(863): warning C4996: 'scanf': This function or variable may be unsafe. Consider using scanf_s instead. To disable deprecation, use _CRT_SECURE_NO_WARNINGS. See online help for details.
                 c:\program files (x86)\microsoft visual studio 10.0\vc\include\stdio.h(304) : see declaration of 'scanf'
     1>d:\projects\c - c++\datastructures fall 2017\deliverable3\vs2010\datastructures_list\datastructures_list\datastructures.c(896): warning C4996: 'scanf': This function or variable may be unsafe. Consider using scanf_s instead. To disable deprecation, use _CRT_SECURE_NO_WARNINGS. See online help for details.
                 c:\program files (x86)\microsoft visual studio 10.0\vc\include\stdio.h(304) : see declaration of 'scanf'
     1>d:\projects\c - c++\datastructures fall 2017\deliverable3\vs2010\datastructures_list\datastructures_list\datastructures.c(912): warning C4996: 'scanf': This function or variable may be unsafe. Consider using scanf_s instead. To disable deprecation, use _CRT_SECURE_NO_WARNINGS. See online help for details.
                 c:\program files (x86)\microsoft visual studio 10.0\vc\include\stdio.h(304) : see declaration of 'scanf'
     1>d:\projects\c - c++\datastructures fall 2017\deliverable3\vs2010\datastructures_list\datastructures_list\datastructures.c(914): warning C4996: 'scanf': This function or variable may be unsafe. Consider using scanf_s instead. To disable deprecation, use _CRT_SECURE_NO_WARNINGS. See online help for details.
                 c:\program files (x86)\microsoft visual studio 10.0\vc\include\stdio.h(304) : see declaration of 'scanf'
     1>d:\projects\c - c++\datastructures fall 2017\deliverable3\vs2010\datastructures_list\datastructures_list\datastructures.c(916): warning C4996: 'scanf': This function or variable may be unsafe. Consider using scanf_s instead. To disable deprecation, use _CRT_SECURE_NO_WARNINGS. See online help for details.
                 c:\program files (x86)\microsoft visual studio 10.0\vc\include\stdio.h(304) : see declaration of 'scanf'
     1>d:\projects\c - c++\datastructures fall 2017\deliverable3\vs2010\datastructures_list\datastructures_list\datastructures.c(918): warning C4996: 'scanf': This function or variable may be unsafe. Consider using scanf_s instead. To disable deprecation, use _CRT_SECURE_NO_WARNINGS. See online help for details.
                 c:\program files (x86)\microsoft visual studio 10.0\vc\include\stdio.h(304) : see declaration of 'scanf'
     1>d:\projects\c - c++\datastructures fall 2017\deliverable3\vs2010\datastructures_list\datastructures_list\datastructures.c(920): warning C4996: 'scanf': This function or variable may be unsafe. Consider using scanf_s instead. To disable deprecation, use _CRT_SECURE_NO_WARNINGS. See online help for details.
                 c:\program files (x86)\microsoft visual studio 10.0\vc\include\stdio.h(304) : see declaration of 'scanf'
     1>d:\projects\c - c++\datastructures fall 2017\deliverable3\vs2010\datastructures_list\datastructures_list\datastructures.c(922): warning C4996: 'scanf': This function or variable may be unsafe. Consider using scanf_s instead. To disable deprecation, use _CRT_SECURE_NO_WARNINGS. See online help for details.
                 c:\program files (x86)\microsoft visual studio 10.0\vc\include\stdio.h(304) : see declaration of 'scanf'
     1>d:\projects\c - c++\datastructures fall 2017\deliverable3\vs2010\datastructures_list\datastructures_list\datastructures.c(956): warning C4996: 'scanf': This function or variable may be unsafe. Consider using scanf_s instead. To disable deprecation, use _CRT_SECURE_NO_WARNINGS. See online help for details.
                 c:\program files (x86)\microsoft visual studio 10.0\vc\include\stdio.h(304) : see declaration of 'scanf'
     1>d:\projects\c - c++\datastructures fall 2017\deliverable3\vs2010\datastructures_list\datastructures_list\datastructures.c(1005): warning C4996: 'scanf': This function or variable may be unsafe. Consider using scanf_s instead. To disable deprecation, use _CRT_SECURE_NO_WARNINGS. See online help for details.
                 c:\program files (x86)\microsoft visual studio 10.0\vc\include\stdio.h(304) : see declaration of 'scanf'
     1>d:\projects\c - c++\datastructures fall 2017\deliverable3\vs2010\datastructures_list\datastructures_list\datastructures.c(668): warning C4715: 'findStudentIndex' : not all control paths return a value
       Link:
         C:\Program Files (x86)\Microsoft Visual Studio 10.0\VC\bin\link.exe /ERRORREPORT:PROMPT /OUT:"D:\projects\C - C++\Datastructures fall 2017\Deliverable3\vs2010\datastructures_list\Debug\datastructures_list.exe" /NOLOGO kernel32.lib user32.lib gdi32.lib winspool.lib comdlg32.lib advapi32.lib shell32.lib ole32.lib oleaut32.lib uuid.lib odbc32.lib odbccp32.lib /MANIFEST /ManifestFile:"Debug\datastructures_list.exe.intermediate.manifest" /MANIFESTUAC:"level='asInvoker' uiAccess='false'" /DEBUG /PDB:"D:\projects\C - C++\Datastructures fall 2017\Deliverable3\vs2010\datastructures_list\Debug\datastructures_list.pdb" /TLBID:1 /DYNAMICBASE /NXCOMPAT /IMPLIB:"D:\projects\C - C++\Datastructures fall 2017\Deliverable3\vs2010\datastructures_list\Debug\datastructures_list.lib" /MACHINE:X86 Debug\datastructures.obj
         datastructures_list.vcxproj -> D:\projects\C - C++\Datastructures fall 2017\Deliverable3\vs2010\datastructures_list\Debug\datastructures_list.exe
       Manifest:
         C:\Program Files (x86)\Microsoft SDKs\Windows\v7.0A\bin\mt.exe /nologo /verbose /outputresource:"D:\projects\C - C++\Datastructures fall 2017\Deliverable3\vs2010\datastructures_list\Debug\datastructures_list.exe;#1" /manifest Debug\datastructures_list.exe.intermediate.manifest
       FinalizeBuildStatus:
         Deleting file "Debug\datastructures_list.unsuccessfulbuild".
         Touching "Debug\datastructures_list.lastbuildstate".
     1>Done Building Project "D:\projects\C - C++\Datastructures fall 2017\Deliverable3\vs2010\datastructures_list\datastructures_list\datastructures_list.vcxproj" (build target(s)).

Build succeeded.

Time Elapsed 00:00:00.95
